<?xml version="1.0" encoding="UTF-8"?>
<!-- Generated by org.testng.reporters.JUnitReportReporter -->
<testsuite skipped="2" hostname="mmedrano-PC" name="BasicTests.Basic2" tests="2" failures="0" timestamp="23 Feb 2018 19:10:03 GMT" time="0.000" errors="0">
  <testcase name="postanddeleteData" time="0.000" classname="BasicTests.Basic2">
    <skipped/>
  </testcase> <!-- postanddeleteData -->
  <testcase name="postData" time="0.000" classname="BasicTests.Basic2">
    <skipped/>
  </testcase> <!-- postData -->
</testsuite> <!-- BasicTests.Basic2 -->
