<?xml version="1.0" encoding="UTF-8"?>
<!-- Generated by org.testng.reporters.JUnitReportReporter -->
<testsuite skipped="0" hostname="mmedrano-PC" name="TWITTERAPI.twitter" tests="3" failures="0" timestamp="26 Feb 2018 16:31:30 GMT" time="4.876" errors="0">
  <testcase name="postTweet" time="0.665" classname="TWITTERAPI.twitter"/>
  <testcase name="deleteTweet" time="3.777" classname="TWITTERAPI.twitter"/>
  <testcase name="getAllTweets" time="0.434" classname="TWITTERAPI.twitter"/>
</testsuite> <!-- TWITTERAPI.twitter -->
