<?xml version="1.0" encoding="UTF-8"?>
<!-- Generated by org.testng.reporters.JUnitReportReporter -->
<testsuite skipped="0" hostname="mmedrano-PC" name="BasicTests.Basics4XML" tests="2" failures="0" timestamp="22 Feb 2018 22:25:46 GMT" time="10.434" errors="0">
  <testcase name="Test" time="3.301" classname="BasicTests.Basics4XML"/>
  <testcase name="postanddeleteData" time="7.133" classname="BasicTests.Basics4XML"/>
</testsuite> <!-- BasicTests.Basics4XML -->
