<?xml version="1.0" encoding="UTF-8"?>
<!-- Generated by org.testng.reporters.JUnitReportReporter -->
<testsuite skipped="0" hostname="mmedrano-PC" name="BasicTests.Basic4XML" tests="2" failures="0" timestamp="26 Feb 2018 16:05:33 GMT" time="4.877" errors="0">
  <testcase name="postanddeleteData" time="1.771" classname="BasicTests.Basic4XML"/>
  <testcase name="Test" time="3.106" classname="BasicTests.Basic4XML"/>
</testsuite> <!-- BasicTests.Basic4XML -->
