<?xml version="1.0" encoding="UTF-8"?>
<!-- Generated by org.testng.reporters.JUnitReportReporter -->
<testsuite skipped="0" hostname="mmedrano-PC" name="BasicTests.Basic3" tests="2" failures="0" timestamp="26 Feb 2018 16:00:45 GMT" time="4.827" errors="0">
  <testcase name="Test" time="3.763" classname="BasicTests.Basic3"/>
  <testcase name="postanddeleteData" time="1.064" classname="BasicTests.Basic3"/>
</testsuite> <!-- BasicTests.Basic3 -->
