<?xml version="1.0" encoding="UTF-8"?>
<!-- Generated by org.testng.reporters.JUnitReportReporter -->
<testsuite skipped="1" hostname="mmedrano-PC" name="BasicTests.TestNG" tests="1" failures="0" timestamp="23 Feb 2018 19:10:03 GMT" time="0.000" errors="0">
  <testcase name="Test" time="0.000" classname="BasicTests.TestNG">
    <skipped/>
  </testcase> <!-- Test -->
</testsuite> <!-- BasicTests.TestNG -->
