<?xml version="1.0" encoding="UTF-8"?>
<!-- Generated by org.testng.reporters.JUnitReportReporter -->
<testsuite skipped="0" hostname="mmedrano-PC" name="BasicTests.Basic4XML" tests="2" failures="0" timestamp="27 Feb 2018 17:12:34 GMT" time="1.438" errors="0">
  <testcase name="postanddeleteData" time="0.960" classname="BasicTests.Basic4XML"/>
  <testcase name="Test" time="0.478" classname="BasicTests.Basic4XML"/>
</testsuite> <!-- BasicTests.Basic4XML -->
