<?xml version="1.0" encoding="UTF-8"?>
<!-- Generated by org.testng.reporters.JUnitReportReporter -->
<testsuite skipped="0" hostname="mmedrano-PC" name="BasicTests.Basic2" tests="2" failures="0" timestamp="26 Feb 2018 23:51:30 GMT" time="4.001" errors="0">
  <testcase name="postData" time="2.703" classname="BasicTests.Basic2"/>
  <testcase name="postanddeleteData" time="1.298" classname="BasicTests.Basic2"/>
</testsuite> <!-- BasicTests.Basic2 -->
