<?xml version="1.0" encoding="UTF-8"?>
<!-- Generated by org.testng.reporters.JUnitReportReporter -->
<testsuite skipped="0" hostname="mmedrano-PC" name="BasicTests.Basic4XML" tests="2" failures="0" timestamp="27 Feb 2018 14:50:53 GMT" time="2.062" errors="0">
  <testcase name="Test" time="0.456" classname="BasicTests.Basic4XML"/>
  <testcase name="postanddeleteData" time="1.606" classname="BasicTests.Basic4XML"/>
</testsuite> <!-- BasicTests.Basic4XML -->
