<?xml version="1.0" encoding="UTF-8"?>
<!-- Generated by org.testng.reporters.JUnitReportReporter -->
<testsuite skipped="0" hostname="mmedrano-PC" name="JIRAAPI.Jira" tests="4" failures="0" timestamp="26 Feb 2018 23:51:30 GMT" time="6.962" errors="0">
  <testcase name="commentIssue" time="5.220" classname="JIRAAPI.Jira"/>
  <testcase name="updateComment" time="0.742" classname="JIRAAPI.Jira"/>
  <testcase name="createIssue" time="0.346" classname="JIRAAPI.Jira"/>
  <testcase name="deteleIssue" time="0.654" classname="JIRAAPI.Jira"/>
</testsuite> <!-- JIRAAPI.Jira -->
