<?xml version="1.0" encoding="UTF-8"?>
<!-- Generated by org.testng.reporters.JUnitReportReporter -->
<testsuite skipped="0" hostname="mmedrano-PC" name="TWITTERAPI.twitter" tests="3" failures="0" timestamp="27 Feb 2018 14:50:53 GMT" time="3.436" errors="0">
  <testcase name="deleteTweet" time="2.424" classname="TWITTERAPI.twitter"/>
  <testcase name="getAllTweets" time="0.435" classname="TWITTERAPI.twitter"/>
  <testcase name="postTweet" time="0.577" classname="TWITTERAPI.twitter"/>
</testsuite> <!-- TWITTERAPI.twitter -->
