<?xml version="1.0" encoding="UTF-8"?>
<!-- Generated by org.testng.reporters.JUnitReportReporter -->
<testsuite skipped="0" hostname="mmedrano-PC" name="JIRAAPI.Jira" tests="4" failures="0" timestamp="27 Feb 2018 14:50:53 GMT" time="9.016" errors="0">
  <testcase name="createIssue" time="0.375" classname="JIRAAPI.Jira"/>
  <testcase name="deteleIssue" time="1.202" classname="JIRAAPI.Jira"/>
  <testcase name="updateComment" time="2.969" classname="JIRAAPI.Jira"/>
  <testcase name="commentIssue" time="4.470" classname="JIRAAPI.Jira"/>
</testsuite> <!-- JIRAAPI.Jira -->
