<?xml version="1.0" encoding="UTF-8"?>
<!-- Generated by org.testng.reporters.JUnitReportReporter -->
<testsuite skipped="0" hostname="mmedrano-PC" name="BasicTests.Basic2" tests="2" failures="0" timestamp="26 Feb 2018 19:12:07 GMT" time="5.219" errors="0">
  <testcase name="postData" time="4.075" classname="BasicTests.Basic2"/>
  <testcase name="postanddeleteData" time="1.144" classname="BasicTests.Basic2"/>
</testsuite> <!-- BasicTests.Basic2 -->
