<?xml version="1.0" encoding="UTF-8"?>
<!-- Generated by org.testng.reporters.JUnitReportReporter -->
<testsuite skipped="0" hostname="mmedrano-PC" name="TWITTERAPI.twitter" tests="3" failures="0" timestamp="27 Feb 2018 17:12:34 GMT" time="1.888" errors="0">
  <testcase name="deleteTweet" time="0.974" classname="TWITTERAPI.twitter"/>
  <testcase name="getAllTweets" time="0.398" classname="TWITTERAPI.twitter"/>
  <testcase name="postTweet" time="0.516" classname="TWITTERAPI.twitter"/>
</testsuite> <!-- TWITTERAPI.twitter -->
