<?xml version="1.0" encoding="UTF-8"?>
<!-- Generated by org.testng.reporters.JUnitReportReporter -->
<testsuite skipped="0" hostname="mmedrano-PC" name="BasicTests.Basic4XML" tests="2" failures="0" timestamp="27 Feb 2018 17:48:55 GMT" time="1.576" errors="0">
  <testcase name="postanddeleteData" time="1.005" classname="BasicTests.Basic4XML"/>
  <testcase name="Test" time="0.571" classname="BasicTests.Basic4XML"/>
</testsuite> <!-- BasicTests.Basic4XML -->
