<?xml version="1.0" encoding="UTF-8"?>
<!-- Generated by org.testng.reporters.JUnitReportReporter -->
<testsuite skipped="0" hostname="mmedrano-PC" name="TWITTERAPI.twitter" tests="3" failures="0" timestamp="27 Feb 2018 17:48:55 GMT" time="2.766" errors="0">
  <testcase name="postTweet" time="0.652" classname="TWITTERAPI.twitter"/>
  <testcase name="deleteTweet" time="1.297" classname="TWITTERAPI.twitter"/>
  <testcase name="getAllTweets" time="0.817" classname="TWITTERAPI.twitter"/>
</testsuite> <!-- TWITTERAPI.twitter -->
