<?xml version="1.0" encoding="UTF-8"?>
<!-- Generated by org.testng.reporters.JUnitReportReporter -->
<testsuite skipped="0" hostname="mmedrano-PC" name="JIRAAPI.Jira" tests="4" failures="0" timestamp="27 Feb 2018 17:48:55 GMT" time="1.649" errors="0">
  <testcase name="createIssue" time="0.206" classname="JIRAAPI.Jira"/>
  <testcase name="updateComment" time="0.621" classname="JIRAAPI.Jira"/>
  <testcase name="deteleIssue" time="0.371" classname="JIRAAPI.Jira"/>
  <testcase name="commentIssue" time="0.451" classname="JIRAAPI.Jira"/>
</testsuite> <!-- JIRAAPI.Jira -->
