<?xml version="1.0" encoding="UTF-8"?>
<!-- Generated by org.testng.reporters.JUnitReportReporter -->
<testsuite skipped="0" hostname="mmedrano-PC" name="JIRAAPI.Jira" tests="4" failures="0" timestamp="26 Feb 2018 19:12:07 GMT" time="1.364" errors="0">
  <testcase name="createIssue" time="0.184" classname="JIRAAPI.Jira"/>
  <testcase name="updateComment" time="0.380" classname="JIRAAPI.Jira"/>
  <testcase name="deteleIssue" time="0.296" classname="JIRAAPI.Jira"/>
  <testcase name="commentIssue" time="0.504" classname="JIRAAPI.Jira"/>
</testsuite> <!-- JIRAAPI.Jira -->
