<?xml version="1.0" encoding="UTF-8"?>
<!-- Generated by org.testng.reporters.JUnitReportReporter -->
<testsuite skipped="0" hostname="mmedrano-PC" name="TWITTERAPI.twitter" tests="3" failures="0" timestamp="26 Feb 2018 19:12:07 GMT" time="2.246" errors="0">
  <testcase name="postTweet" time="0.624" classname="TWITTERAPI.twitter"/>
  <testcase name="deleteTweet" time="1.214" classname="TWITTERAPI.twitter"/>
  <testcase name="getAllTweets" time="0.408" classname="TWITTERAPI.twitter"/>
</testsuite> <!-- TWITTERAPI.twitter -->
