<?xml version="1.0" encoding="UTF-8"?>
<!-- Generated by org.testng.reporters.JUnitReportReporter -->
<testsuite skipped="0" hostname="mmedrano-PC" name="BasicTests.Basic2" tests="2" failures="0" timestamp="27 Feb 2018 17:48:55 GMT" time="4.199" errors="0">
  <testcase name="postData" time="3.044" classname="BasicTests.Basic2"/>
  <testcase name="postanddeleteData" time="1.155" classname="BasicTests.Basic2"/>
</testsuite> <!-- BasicTests.Basic2 -->
