<?xml version="1.0" encoding="UTF-8"?>
<!-- Generated by org.testng.reporters.JUnitReportReporter -->
<testsuite skipped="0" hostname="mmedrano-PC" name="JIRAAPI.Jira" tests="4" failures="0" timestamp="27 Feb 2018 17:12:34 GMT" time="2.079" errors="0">
  <testcase name="updateComment" time="0.839" classname="JIRAAPI.Jira"/>
  <testcase name="createIssue" time="0.421" classname="JIRAAPI.Jira"/>
  <testcase name="deteleIssue" time="0.303" classname="JIRAAPI.Jira"/>
  <testcase name="commentIssue" time="0.516" classname="JIRAAPI.Jira"/>
</testsuite> <!-- JIRAAPI.Jira -->
