<?xml version="1.0" encoding="UTF-8"?>
<!-- Generated by org.testng.reporters.JUnitReportReporter -->
<testsuite skipped="0" hostname="mmedrano-PC" name="BasicTests.Basic4XML" tests="2" failures="0" timestamp="26 Feb 2018 19:12:07 GMT" time="1.555" errors="0">
  <testcase name="Test" time="0.431" classname="BasicTests.Basic4XML"/>
  <testcase name="postanddeleteData" time="1.124" classname="BasicTests.Basic4XML"/>
</testsuite> <!-- BasicTests.Basic4XML -->
