<?xml version="1.0" encoding="UTF-8"?>
<!-- Generated by org.testng.reporters.JUnitReportReporter -->
<testsuite skipped="0" hostname="mmedrano-PC" name="BasicTests.TestNG" tests="1" failures="0" timestamp="26 Feb 2018 19:12:07 GMT" time="0.480" errors="0">
  <testcase name="Test" time="0.480" classname="BasicTests.TestNG"/>
</testsuite> <!-- BasicTests.TestNG -->
